This is pdfTeXk, Version 3.141592-1.40.3 (Web2C 7.5.6) (format=pdflatex 2009.11.10)  13 FEB 2010 16:22
entering extended mode
 %&-line parsing enabled.
**\nonstopmode \input{"/home/fish/texmf/tex/latex/SlidesTemplate.tex"}
(/home/fish/texmf/tex/latex/SlidesTemplate.tex
(/usr/share/texmf-texlive/tex/latex/base/slides.cls
Document Class: slides 1997/08/15 v2.3z Standard LaTeX document class
(/usr/share/texmf-texlive/tex/latex/base/slides.def
File: slides.def 1997/08/15 v2.3z SLiTeX definitions
 hacks, slides,
\c@page=\count79
 picture,
mods,
\@smashboxa=\box26
\@smashboxb=\box27
\@smashboxc=\box28
 output, init) (/usr/share/texmf-texlive/tex/latex/base/sfonts.def
File: sfonts.def 1998/06/12 v2.2e Standard LaTeX slide font definitions

(/usr/share/texmf-texlive/tex/latex/base/ot1lcmss.fd
File: ot1lcmss.fd 1998/06/12 v2.2e Standard LaTeX slide font definitions
))
\c@minutes=\count80
\c@seconds=\count81
\c@mv@invisible=\count82
LaTeX Font Info:    Overwriting symbol font `operators' in version `normal'
(Font)                  OT1/cmr/m/n --> OT1/lcmss/m/n on input line 369.
LaTeX Font Info:    Overwriting symbol font `letters' in version `normal'
(Font)                  OML/cmm/m/it --> OML/lcmm/m/it on input line 372.
LaTeX Font Info:    Overwriting symbol font `symbols' in version `normal'
(Font)                  OMS/cmsy/m/n --> OMS/lcmsy/m/n on input line 374.
LaTeX Font Info:    Overwriting symbol font `largesymbols' in version `normal'
(Font)                  OMX/cmex/m/n --> OMX/lcmex/m/n on input line 376.
LaTeX Font Info:    Overwriting symbol font `operators' in version `invisible'
(Font)                  OT1/cmr/m/n --> OT1/lcmss/m/In on input line 379.
LaTeX Font Info:    Overwriting symbol font `letters' in version `invisible'
(Font)                  OML/cmm/m/it --> OML/lcmm/m/Iit on input line 381.
LaTeX Font Info:    Overwriting symbol font `symbols' in version `invisible'
(Font)                  OMS/cmsy/m/n --> OMS/lcmsy/m/In on input line 383.
LaTeX Font Info:    Overwriting symbol font `largesymbols' in version `invisibl
e'
(Font)                  OMX/cmex/m/n --> OMX/lcmex/m/In on input line 385.
)
(/home/fish/texmf/tex/latex/brisslides.sty
(/usr/share/texmf-texlive/tex/latex/graphics/color.sty
Package: color 2005/11/14 v1.0j Standard LaTeX Color (DPC)

(/etc/texmf/tex/latex/config/color.cfg
File: color.cfg 2007/01/18 v1.5 color configuration of teTeX/TeXLive
)
Package color Info: Driver file: pdftex.def on input line 130.

(/usr/share/texmf-texlive/tex/latex/pdftex-def/pdftex.def
File: pdftex.def 2007/01/08 v0.04d Graphics/color for pdfTeX
\Gread@gobject=\count83
))
(/usr/share/texmf-texlive/tex/latex/graphics/graphicx.sty
Package: graphicx 1999/02/16 v1.0f Enhanced LaTeX Graphics (DPC,SPQR)

(/usr/share/texmf-texlive/tex/latex/graphics/keyval.sty
Package: keyval 1999/03/16 v1.13 key=value parser (DPC)
\KV@toks@=\toks14
)
(/usr/share/texmf-texlive/tex/latex/graphics/graphics.sty
Package: graphics 2006/02/20 v1.0o Standard LaTeX Graphics (DPC,SPQR)

(/usr/share/texmf-texlive/tex/latex/graphics/trig.sty
Package: trig 1999/03/16 v1.09 sin cos tan (DPC)
)
(/etc/texmf/tex/latex/config/graphics.cfg
File: graphics.cfg 2007/01/18 v1.5 graphics configuration of teTeX/TeXLive
)
Package graphics Info: Driver file: pdftex.def on input line 90.
)
\Gin@req@height=\dimen102
\Gin@req@width=\dimen103
)
(/usr/share/texmf-texlive/tex/latex/hyperref/hyperref.sty
Package: hyperref 2007/02/07 v6.75r Hypertext links for LaTeX
\@linkdim=\dimen104
\Hy@linkcounter=\count84
\Hy@pagecounter=\count85

(/usr/share/texmf-texlive/tex/latex/hyperref/pd1enc.def
File: pd1enc.def 2007/02/07 v6.75r Hyperref: PDFDocEncoding definition (HO)
)
(/etc/texmf/tex/latex/config/hyperref.cfg
File: hyperref.cfg 2002/06/06 v1.2 hyperref configuration of TeXLive
)
(/usr/share/texmf-texlive/tex/latex/oberdiek/kvoptions.sty
Package: kvoptions 2006/08/22 v2.4 Connects package keyval with LaTeX options (
HO)
)
Package hyperref Info: Hyper figures OFF on input line 2288.
Package hyperref Info: Link nesting OFF on input line 2293.
Package hyperref Info: Hyper index ON on input line 2296.
Package hyperref Info: Plain pages OFF on input line 2303.
Package hyperref Info: Backreferencing OFF on input line 2308.

Implicit mode ON; LaTeX internals redefined
Package hyperref Info: Bookmarks ON on input line 2444.
(/usr/share/texmf-texlive/tex/latex/ltxmisc/url.sty
\Urlmuskip=\muskip10
Package: url 2005/06/27  ver 3.2  Verb mode for urls, etc.
)
LaTeX Info: Redefining \url on input line 2599.
\Fld@menulength=\count86
\Field@Width=\dimen105
\Fld@charsize=\dimen106
\Choice@toks=\toks15
\Field@toks=\toks16
Package hyperref Info: Hyper figures OFF on input line 3102.
Package hyperref Info: Link nesting OFF on input line 3107.
Package hyperref Info: Hyper index ON on input line 3110.
Package hyperref Info: backreferencing OFF on input line 3117.
Package hyperref Info: Link coloring OFF on input line 3122.
\Hy@abspage=\count87
\c@Item=\count88
\c@Hfootnote=\count89
)
*hyperref using default driver hpdftex*
(/usr/share/texmf-texlive/tex/latex/hyperref/hpdftex.def
File: hpdftex.def 2007/02/07 v6.75r Hyperref driver for pdfTeX
\Fld@listcount=\count90
)
(/usr/share/texmf/tex/latex/texpower/texpower.sty
Package: texpower 2005/04/08 v0.2 Create Dynamic Presentations with LaTeX.

(/usr/share/texmf-texlive/tex/latex/base/ifthen.sty
Package: ifthen 2001/05/26 v1.1c Standard LaTeX ifthen package (DPC)
)
(/usr/share/texmf-texlive/tex/latex/tools/calc.sty
Package: calc 2005/08/06 v4.2 Infix arithmetic (KKT,FJ)
\calc@Acount=\count91
\calc@Bcount=\count92
\calc@Adimen=\dimen107
\calc@Bdimen=\dimen108
\calc@Askip=\skip41
\calc@Bskip=\skip42
LaTeX Info: Redefining \setlength on input line 75.
LaTeX Info: Redefining \addtolength on input line 76.
\calc@Ccount=\count93
\calc@Cskip=\skip43
)
(/etc/texmf/tex/latex/texpower/tpoptions.cfg)
Package texpower Info: Producing display version. Dynamic features activated. o
n input line 76.

(/usr/share/texmf-texlive/tex/generic/oberdiek/ifpdf.sty
Package: ifpdf 2006/02/20 v1.4 Provides the ifpdf switch (HO)
Package ifpdf Info: pdfTeX in pdf mode detected.
)
\c@tmpcnta@TP=\count94
\c@tmpcntb@TP=\count95
\tempdima@TP=\skip44
\tempdimb@TP=\skip45
\tempbox@TP=\box29
Package color Info: Redefining color black on input line 340.
Package color Info: Redefining color white on input line 340.
Package color Info: Redefining color red on input line 340.
Package color Info: Redefining color green on input line 340.
Package color Info: Redefining color blue on input line 340.
Package color Info: Redefining color cyan on input line 340.
Package color Info: Redefining color magenta on input line 340.
Package color Info: Redefining color yellow on input line 340.

(/etc/texmf/tex/latex/texpower/tpcolors.cfg)
LaTeX Info: Redefining \em on input line 561.
\pbox@TP=\box30
\c@stripe@TP=\count96
\c@stripes@TP=\count97
\c@gradprogression@TP=\count98
\c@dgradhslope@TP=\count99
\c@dgradvslope@TP=\count100
\bgndbox@TP=\box31
\mempageconts@TP=\box32
\memfootins@TP=\insert233
\memoutput@TP=\toks17
\c@totalsteps=\count101
\c@firststep=\count102
\c@step=\count103
\c@stepcommand=\count104
\c@stepsperformed=\count105
\highlightboxsep=\skip46
\c@substep=\count106
\c@o@fs@TP=\count107
\ep@TP=\toks18
\texpower@verbatimfileout=\write3

(/etc/texmf/tex/latex/texpower/tpsettings.cfg))
\GPT@outputbox=\box33

(/usr/share/texmf/tex/latex/tpslifonts/tpslifonts.sty
Package: tpslifonts 2004/07/27 v0.6d Configure presentation fonts.

(/usr/share/texmf-texlive/tex/latex/base/t1cmr.fd
File: t1cmr.fd 1999/05/25 v2.5h Standard LaTeX font definitions
)
(/usr/share/texmf-texlive/tex/latex/base/t1cmfr.fd
File: t1cmfr.fd 1999/05/25 v2.5h Standard LaTeX font definitions
)
(/usr/share/texmf-texlive/tex/latex/base/t1cmdh.fd
File: t1cmdh.fd 1999/05/25 v2.5h Standard LaTeX font definitions
)
(/usr/share/texmf-texlive/tex/latex/base/t1cmfib.fd
File: t1cmfib.fd 1999/05/25 v2.5h Standard LaTeX font definitions
)
(/usr/share/texmf-texlive/tex/latex/base/t1cmss.fd
File: t1cmss.fd 1999/05/25 v2.5h Standard LaTeX font definitions
)
(/usr/share/texmf-texlive/tex/latex/base/t1cmtt.fd
File: t1cmtt.fd 1999/05/25 v2.5h Standard LaTeX font definitions
)
LaTeX Font Info:    Overwriting symbol font `letters' in version `normal'
(Font)                  OML/lcmm/m/it --> OML/cmm/m/it on input line 1069.
LaTeX Font Info:    Overwriting symbol font `symbols' in version `normal'
(Font)                  OMS/lcmsy/m/n --> OMS/cmsy/m/n on input line 1069.
LaTeX Font Info:    Overwriting symbol font `largesymbols' in version `normal'
(Font)                  OMX/lcmex/m/n --> OMX/cmex/m/n on input line 1069.
LaTeX Font Info:    Overwriting symbol font `letters' in version `bold'
(Font)                  OML/cmm/b/it --> OML/cmm/b/it on input line 1069.
LaTeX Font Info:    Overwriting symbol font `symbols' in version `bold'
(Font)                  OMS/cmsy/b/n --> OMS/cmsy/b/n on input line 1069.
LaTeX Font Info:    Overwriting symbol font `operators' in version `normal'
(Font)                  OT1/lcmss/m/n --> OT1/cmrm/m/n on input line 1078.
LaTeX Font Info:    Overwriting symbol font `operators' in version `bold'
(Font)                  OT1/cmr/bx/n --> OT1/cmrm/bx/n on input line 1078.
LaTeX Font Info:    Redeclaring math alphabet \mathbf on input line 1079.
LaTeX Font Info:    Overwriting math alphabet `\mathbf' in version `normal'
(Font)                  OT1/cmr/bx/n --> OT1/cmrm/bx/n on input line 1079.
LaTeX Font Info:    Overwriting math alphabet `\mathbf' in version `bold'
(Font)                  OT1/cmr/bx/n --> OT1/cmrm/bx/n on input line 1079.
LaTeX Font Info:    Overwriting math alphabet `\mathbf' in version `invisible'
(Font)                  OT1/cmr/bx/n --> OT1/cmrm/bx/n on input line 1079.
LaTeX Font Info:    Redeclaring math alphabet \mathsf on input line 1080.
LaTeX Font Info:    Overwriting math alphabet `\mathsf' in version `normal'
(Font)                  OT1/cmss/m/n --> OT1/lcmss/m/n on input line 1080.
LaTeX Font Info:    Overwriting math alphabet `\mathsf' in version `bold'
(Font)                  OT1/cmss/bx/n --> OT1/lcmss/m/n on input line 1080.
LaTeX Font Info:    Overwriting math alphabet `\mathsf' in version `invisible'
(Font)                  OT1/cmss/m/n --> OT1/lcmss/m/n on input line 1080.
LaTeX Font Info:    Redeclaring math alphabet \mathit on input line 1081.
LaTeX Font Info:    Overwriting math alphabet `\mathit' in version `normal'
(Font)                  OT1/cmr/m/it --> OT1/cmrm/m/it on input line 1081.
LaTeX Font Info:    Overwriting math alphabet `\mathit' in version `bold'
(Font)                  OT1/cmr/bx/it --> OT1/cmrm/m/it on input line 1081.
LaTeX Font Info:    Overwriting math alphabet `\mathit' in version `invisible'
(Font)                  OT1/cmr/m/it --> OT1/cmrm/m/it on input line 1081.
LaTeX Font Info:    Redeclaring math alphabet \mathtt on input line 1082.
LaTeX Font Info:    Overwriting math alphabet `\mathtt' in version `normal'
(Font)                  OT1/cmtt/m/n --> OT1/lcmtt/m/n on input line 1082.
LaTeX Font Info:    Overwriting math alphabet `\mathtt' in version `bold'
(Font)                  OT1/cmtt/m/n --> OT1/lcmtt/m/n on input line 1082.
LaTeX Font Info:    Overwriting math alphabet `\mathtt' in version `invisible'
(Font)                  OT1/cmtt/m/n --> OT1/lcmtt/m/n on input line 1082.
LaTeX Font Info:    Overwriting math alphabet `\mathsf' in version `bold'
(Font)                  OT1/lcmss/m/n --> OT1/lcmss/bx/n on input line 1083.
LaTeX Font Info:    Overwriting math alphabet `\mathit' in version `bold'
(Font)                  OT1/cmrm/m/it --> OT1/cmrm/bx/it on input line 1084.
LaTeX Font Info:    Overwriting math alphabet `\mathtt' in version `bold'
(Font)                  OT1/lcmtt/m/n --> OT1/lcmtt/bx/n on input line 1085.
)
(/usr/share/texmf-texlive/tex/latex/amsmath/amsmath.sty
Package: amsmath 2000/07/18 v2.13 AMS math features
\@mathmargin=\skip47

For additional information on amsmath, use the `?' option.
(/usr/share/texmf-texlive/tex/latex/amsmath/amstext.sty
Package: amstext 2000/06/29 v2.01

(/usr/share/texmf-texlive/tex/latex/amsmath/amsgen.sty
File: amsgen.sty 1999/11/30 v2.0
\@emptytoks=\toks19
\ex@=\dimen109
))
(/usr/share/texmf-texlive/tex/latex/amsmath/amsbsy.sty
Package: amsbsy 1999/11/29 v1.2d
\pmbraise@=\dimen110
)
(/usr/share/texmf-texlive/tex/latex/amsmath/amsopn.sty
Package: amsopn 1999/12/14 v2.01 operator names
)
\inf@bad=\count108
LaTeX Info: Redefining \frac on input line 211.
\uproot@=\count109
\leftroot@=\count110
LaTeX Info: Redefining \overline on input line 307.
\classnum@=\count111
\DOTSCASE@=\count112
LaTeX Info: Redefining \ldots on input line 379.
LaTeX Info: Redefining \dots on input line 382.
LaTeX Info: Redefining \cdots on input line 467.
\Mathstrutbox@=\box34
\strutbox@=\box35
\big@size=\dimen111
LaTeX Font Info:    Redeclaring font encoding OML on input line 567.
LaTeX Font Info:    Redeclaring font encoding OMS on input line 568.
\macc@depth=\count113
\c@MaxMatrixCols=\count114
\dotsspace@=\muskip11
\c@parentequation=\count115
\dspbrk@lvl=\count116
\tag@help=\toks20
\row@=\count117
\column@=\count118
\maxfields@=\count119
\andhelp@=\toks21
\eqnshift@=\dimen112
\alignsep@=\dimen113
\tagshift@=\dimen114
\tagwidth@=\dimen115
\totwidth@=\dimen116
\lineht@=\dimen117
\@envbody=\toks22
\multlinegap=\skip48
\multlinetaggap=\skip49
\mathdisplay@stack=\toks23
LaTeX Info: Redefining \[ on input line 2666.
LaTeX Info: Redefining \] on input line 2667.
)
(/usr/share/texmf-texlive/tex/latex/amsfonts/amsfonts.sty
Package: amsfonts 2001/10/25 v2.2f
\symAMSa=\mathgroup4
\symAMSb=\mathgroup5
LaTeX Font Info:    Overwriting math alphabet `\mathfrak' in version `bold'
(Font)                  U/euf/m/n --> U/euf/b/n on input line 132.
)
(/usr/share/texmf-texlive/tex/latex/amsfonts/amssymb.sty
Package: amssymb 2002/01/22 v2.2d
))
(/home/fish/texmf/tex/latex/SlidesTemplate.aux)
\openout1 = `SlidesTemplate.aux'.

LaTeX Font Info:    Checking defaults for OML/cmm/m/it on input line 7.
LaTeX Font Info:    ... okay on input line 7.
LaTeX Font Info:    Checking defaults for T1/cmr/m/n on input line 7.
LaTeX Font Info:    ... okay on input line 7.
LaTeX Font Info:    Checking defaults for OT1/lcmss/m/n on input line 7.
LaTeX Font Info:    ... okay on input line 7.
LaTeX Font Info:    Checking defaults for OMS/cmsy/m/n on input line 7.
LaTeX Font Info:    ... okay on input line 7.
LaTeX Font Info:    Checking defaults for OMX/cmex/m/n on input line 7.
LaTeX Font Info:    ... okay on input line 7.
LaTeX Font Info:    Checking defaults for U/cmr/m/n on input line 7.
LaTeX Font Info:    ... okay on input line 7.
LaTeX Font Info:    Checking defaults for PD1/pdf/m/n on input line 7.
LaTeX Font Info:    ... okay on input line 7.
Package hyperref Info: Link coloring OFF on input line 7.

(/usr/share/texmf-texlive/tex/latex/hyperref/nameref.sty
Package: nameref 2006/12/27 v2.28 Cross-referencing by name of section

(/usr/share/texmf-texlive/tex/latex/oberdiek/refcount.sty
Package: refcount 2006/02/20 v3.0 Data extraction from references (HO)
)
\c@section@level=\count120
)
LaTeX Info: Redefining \ref on input line 7.
LaTeX Info: Redefining \pageref on input line 7.

(/home/fish/texmf/tex/latex/SlidesTemplate.out)
(/home/fish/texmf/tex/latex/SlidesTemplate.out)
\@outlinefile=\write4
\openout4 = `SlidesTemplate.out'.

Package texpower Info: Package soul not loaded.
(texpower)             Command \hidetext disabled on input line 7.
Package texpower Info: Package soul not loaded.
(texpower)             Command \highlighttext disabled on input line 7.

<UoB_header.png, id=7, 723.6636pt x 129.1224pt>
File: UoB_header.png Graphic file (type png)
 <use UoB_header.png>
Overfull \hbox (81.23573pt too wide) in paragraph at lines 15--16
[] [] 
 []


LaTeX Font Warning: Font shape `OT1/lcmss/bx/n' in size <41.28> not available
(Font)              Font shape `OT1/lcmss/b/n' tried instead on input line 17.


Underfull \hbox (badness 10000) in paragraph at lines 17--19

 []


LaTeX Font Warning: Font shape `OT1/lcmss/bx/n' in size <23.89> not available
(Font)              Font shape `OT1/lcmss/b/n' tried instead on input line 20.


Underfull \hbox (badness 10000) in paragraph at lines 20--22

 []

<UoB_footer.png, id=8, 723.6636pt x 75.1608pt>
File: UoB_footer.png Graphic file (type png)
 <use UoB_footer.png>
Overfull \hbox (81.23573pt too wide) in paragraph at lines 25--25
[] []
 []

[1

{/var/lib/texmf/fonts/map/pdftex/updmap/pdftex.map} </home/fish/texmf/tex/latex
/UoB_header.png> </home/fish/texmf/tex/latex/UoB_footer.png>]
<UoB_icon.png, id=19, 49.68562pt x 48.93282pt>
File: UoB_icon.png Graphic file (type png)
 <use UoB_icon.png>
LaTeX Font Info:    Font shape `OT1/cmrm/m/n' will be
(Font)              scaled to size 22.89291pt on input line 33.
LaTeX Font Info:    Font shape `OT1/cmrm/m/n' will be
(Font)              scaled to size 19.07838pt on input line 33.
LaTeX Font Info:    Font shape `OT1/cmrm/m/n' will be
(Font)              scaled to size 15.89291pt on input line 33.
LaTeX Font Info:    Font shape `OML/cmm/m/it' will be
(Font)              scaled to size 22.89291pt on input line 33.
LaTeX Font Info:    Font shape `OML/cmm/m/it' will be
(Font)              scaled to size 19.07838pt on input line 33.
LaTeX Font Info:    Font shape `OML/cmm/m/it' will be
(Font)              scaled to size 15.89291pt on input line 33.
LaTeX Font Info:    Font shape `OMS/cmsy/m/n' will be
(Font)              scaled to size 22.89291pt on input line 33.
LaTeX Font Info:    Font shape `OMS/cmsy/m/n' will be
(Font)              scaled to size 19.07838pt on input line 33.
LaTeX Font Info:    Font shape `OMS/cmsy/m/n' will be
(Font)              scaled to size 15.89291pt on input line 33.


LaTeX Font Warning: Font shape `OMX/cmex/m/n' in size <19.907> not available
(Font)              size <20.74> substituted on input line 33.


LaTeX Font Warning: Font shape `OMX/cmex/m/n' in size <16.59> not available
(Font)              size <17.28> substituted on input line 33.


LaTeX Font Warning: Font shape `OMX/cmex/m/n' in size <13.82> not available
(Font)              size <14.4> substituted on input line 33.

LaTeX Font Info:    Font shape `U/msa/m/n' will be
(Font)              scaled to size 22.89291pt on input line 33.
LaTeX Font Info:    Font shape `U/msa/m/n' will be
(Font)              scaled to size 19.07838pt on input line 33.
LaTeX Font Info:    Font shape `U/msa/m/n' will be
(Font)              scaled to size 15.89291pt on input line 33.
LaTeX Font Info:    Font shape `U/msb/m/n' will be
(Font)              scaled to size 22.89291pt on input line 33.
LaTeX Font Info:    Font shape `U/msb/m/n' will be
(Font)              scaled to size 19.07838pt on input line 33.
LaTeX Font Info:    Font shape `U/msb/m/n' will be
(Font)              scaled to size 15.89291pt on input line 33.
File: UoB_footer.png Graphic file (type png)
<use UoB_footer.png>
Overfull \hbox (81.23573pt too wide) in paragraph at lines 38--38
 []
 []

pdfTeX warning (ext4): destination with the same identifier (name{page.0}) has 
been already used, duplicate ignored
<to be read again> 
                   \relax 
l.38 \slideend
              pdfTeX warning (ext4): destination with the same identifier (name
{firstpage.0}) has been already used, duplicate ignored
<to be read again> 
                   \relax 
l.38 \slideend
               [2 </home/fish/texmf/tex/latex/UoB_icon.png>]
File: UoB_icon.png Graphic file (type png)

<use UoB_icon.png>
File: UoB_footer.png Graphic file (type png)
 <use UoB_footer.png>
File: UoB_footer.png Graphic file (type png)
 <use UoB_footer.png>
Overfull \hbox (81.23573pt too wide) in paragraph at lines 53--53
 []
 []

pdfTeX warning (ext4): destination with the same identifier (name{firstpage.0})
 has been already used, duplicate ignored
<to be read again> 
                   \relax 
l.53 \slidefooter}
                   \end{slide} [3]
File: UoB_footer.png Graphic file (type png)
 <use UoB_footer.png>
Overfull \hbox (81.23573pt too wide) in paragraph at lines 53--53
 []
 []

[3]
File: UoB_footer.png Graphic file (type png)
 <use UoB_footer.png>
Overfull \hbox (81.23573pt too wide) in paragraph at lines 53--53
 []
 []

pdfTeX warning (ext4): destination with the same identifier (name{page.0}) has 
been already used, duplicate ignored
<to be read again> 
                   \relax 
l.53 \slidefooter} \end{slide}
                               [3]
(/home/fish/texmf/tex/latex/SlidesTemplate.aux)

LaTeX Font Warning: Size substitutions with differences
(Font)              up to 0.83301pt have occurred.

 ) 
Here is how much of TeX's memory you used:
 5352 strings out of 95086
 83411 string characters out of 1183254
 130903 words of memory out of 1500000
 8461 multiletter control sequences out of 10000+50000
 9821 words of font info for 37 fonts, out of 1200000 for 2000
 28 hyphenation exceptions out of 8191
 35i,5n,26p,289b,534s stack positions out of 5000i,500n,6000p,200000b,5000s
</usr/share/texmf-texlive/fonts/type1/bluesky/cm/cmsy8.pfb></usr/share/texmf-
texlive/fonts/type1/bluesky/latex-fonts/lcmss8.pfb></usr/share/texmf-texlive/fo
nts/type1/bluesky/latex-fonts/lcmssb8.pfb>
Output written on SlidesTemplate.pdf (5 pages, 759287 bytes).
PDF statistics:
 46 PDF objects out of 1000 (max. 8388607)
 3 named destinations out of 1000 (max. 131072)
 32 words of extra memory for PDF output out of 10000 (max. 10000000)

